\BOOKMARK [0][-]{chapter.1}{\376\377\000I\000n\000t\000r\000o\000d\000u\000c\000t\000i\000o\000n}{}% 1
\BOOKMARK [1][-]{section.1.1}{\376\377\000W\000h\000a\000t\000\040\000i\000s\000\040\000n\000v\000e\000c\000t\000o\000r\000?}{chapter.1}% 2
\BOOKMARK [2][-]{subsection.1.1.1}{\376\377\000D\000e\000s\000c\000r\000i\000p\000t\000i\000o\000n}{section.1.1}% 3
\BOOKMARK [1][-]{section.1.2}{\376\377\000H\000o\000w\000\040\000t\000h\000e\000\040\000d\000o\000c\000u\000m\000e\000n\000t\000a\000t\000i\000o\000n\000\040\000i\000s\000\040\000o\000r\000g\000a\000n\000i\000z\000e\000d}{chapter.1}% 4
\BOOKMARK [0][-]{chapter.2}{\376\377\000T\000u\000t\000o\000r\000i\000a\000l\000s}{}% 5
\BOOKMARK [1][-]{section.2.1}{\376\377\000I\000n\000s\000t\000a\000l\000l\000\040\000g\000u\000i\000d\000e}{chapter.2}% 6
\BOOKMARK [2][-]{subsection.2.1.1}{\376\377\000I\000n\000s\000t\000a\000l\000l\000\040\000n\000v\000e\000c\000t\000o\000r}{section.2.1}% 7
\BOOKMARK [2][-]{subsection.2.1.2}{\376\377\000V\000e\000r\000i\000f\000y\000i\000n\000g\000\040\000i\000n\000s\000t\000a\000l\000l\000a\000t\000i\000o\000n}{section.2.1}% 8
\BOOKMARK [1][-]{section.2.2}{\376\377\000G\000e\000t\000t\000i\000n\000g\000\040\000S\000t\000a\000r\000t\000e\000d}{chapter.2}% 9
\BOOKMARK [2][-]{subsection.2.2.1}{\376\377\000E\000x\000a\000m\000p\000l\000e\000\040\0001\000:\000\040\040\034\000A\000\040\000a\000n\000d\000\040\000B\000\040\000t\000o\000\040\000d\000e\000l\000t\000a\040\035}{section.2.2}% 10
\BOOKMARK [2][-]{subsection.2.2.2}{\376\377\000E\000x\000a\000m\000p\000l\000e\000\040\0002\000:\000\040\040\034\000B\000\040\000a\000n\000d\000\040\000d\000e\000l\000t\000a\000\040\000t\000o\000\040\000C\040\035}{section.2.2}% 11
\BOOKMARK [2][-]{subsection.2.2.3}{\376\377\000E\000x\000a\000m\000p\000l\000e\000\040\0003\000:\000\040\040\034\000E\000C\000E\000F\000-\000v\000e\000c\000t\000o\000r\000\040\000t\000o\000\040\000g\000e\000o\000d\000e\000t\000i\000c\000\040\000l\000a\000t\000i\000t\000u\000d\000e\040\035}{section.2.2}% 12
\BOOKMARK [2][-]{subsection.2.2.4}{\376\377\000E\000x\000a\000m\000p\000l\000e\000\040\0004\000:\000\040\040\034\000G\000e\000o\000d\000e\000t\000i\000c\000\040\000l\000a\000t\000i\000t\000u\000d\000e\000\040\000t\000o\000\040\000E\000C\000E\000F\000-\000v\000e\000c\000t\000o\000r\040\035}{section.2.2}% 13
\BOOKMARK [2][-]{subsection.2.2.5}{\376\377\000E\000x\000a\000m\000p\000l\000e\000\040\0005\000:\000\040\040\034\000S\000u\000r\000f\000a\000c\000e\000\040\000d\000i\000s\000t\000a\000n\000c\000e\040\035}{section.2.2}% 14
\BOOKMARK [2][-]{subsection.2.2.6}{\376\377\000E\000x\000a\000m\000p\000l\000e\000\040\0006\000\040\040\034\000I\000n\000t\000e\000r\000p\000o\000l\000a\000t\000e\000d\000\040\000p\000o\000s\000i\000t\000i\000o\000n\040\035}{section.2.2}% 15
\BOOKMARK [2][-]{subsection.2.2.7}{\376\377\000E\000x\000a\000m\000p\000l\000e\000\040\0007\000:\000\040\040\034\000M\000e\000a\000n\000\040\000p\000o\000s\000i\000t\000i\000o\000n\040\035}{section.2.2}% 16
\BOOKMARK [2][-]{subsection.2.2.8}{\376\377\000E\000x\000a\000m\000p\000l\000e\000\040\0008\000:\000\040\040\034\000A\000\040\000a\000n\000d\000\040\000a\000z\000i\000m\000u\000t\000h\000/\000d\000i\000s\000t\000a\000n\000c\000e\000\040\000t\000o\000\040\000B\040\035}{section.2.2}% 17
\BOOKMARK [2][-]{subsection.2.2.9}{\376\377\000E\000x\000a\000m\000p\000l\000e\000\040\0009\000:\000\040\040\034\000I\000n\000t\000e\000r\000s\000e\000c\000t\000i\000o\000n\000\040\000o\000f\000\040\000t\000w\000o\000\040\000p\000a\000t\000h\000s\040\035}{section.2.2}% 18
\BOOKMARK [2][-]{subsection.2.2.10}{\376\377\000E\000x\000a\000m\000p\000l\000e\000\040\0001\0000\000:\000\040\040\034\000C\000r\000o\000s\000s\000\040\000t\000r\000a\000c\000k\000\040\000d\000i\000s\000t\000a\000n\000c\000e\040\035}{section.2.2}% 19
\BOOKMARK [1][-]{section.2.3}{\376\377\000F\000u\000n\000c\000t\000i\000o\000n\000a\000l\000\040\000e\000x\000a\000m\000p\000l\000e\000s}{chapter.2}% 20
\BOOKMARK [2][-]{subsection.2.3.1}{\376\377\000E\000x\000a\000m\000p\000l\000e\000\040\0001\000:\000\040\040\034\000A\000\040\000a\000n\000d\000\040\000B\000\040\000t\000o\000\040\000d\000e\000l\000t\000a\040\035}{section.2.3}% 21
\BOOKMARK [2][-]{subsection.2.3.2}{\376\377\000E\000x\000a\000m\000p\000l\000e\000\040\0002\000:\000\040\040\034\000B\000\040\000a\000n\000d\000\040\000d\000e\000l\000t\000a\000\040\000t\000o\000\040\000C\040\035}{section.2.3}% 22
\BOOKMARK [2][-]{subsection.2.3.3}{\376\377\000E\000x\000a\000m\000p\000l\000e\000\040\0003\000:\000\040\040\034\000E\000C\000E\000F\000-\000v\000e\000c\000t\000o\000r\000\040\000t\000o\000\040\000g\000e\000o\000d\000e\000t\000i\000c\000\040\000l\000a\000t\000i\000t\000u\000d\000e\040\035}{section.2.3}% 23
\BOOKMARK [2][-]{subsection.2.3.4}{\376\377\000E\000x\000a\000m\000p\000l\000e\000\040\0004\000:\000\040\040\034\000G\000e\000o\000d\000e\000t\000i\000c\000\040\000l\000a\000t\000i\000t\000u\000d\000e\000\040\000t\000o\000\040\000E\000C\000E\000F\000-\000v\000e\000c\000t\000o\000r\040\035}{section.2.3}% 24
\BOOKMARK [2][-]{subsection.2.3.5}{\376\377\000E\000x\000a\000m\000p\000l\000e\000\040\0005\000:\000\040\040\034\000S\000u\000r\000f\000a\000c\000e\000\040\000d\000i\000s\000t\000a\000n\000c\000e\040\035}{section.2.3}% 25
\BOOKMARK [2][-]{subsection.2.3.6}{\376\377\000E\000x\000a\000m\000p\000l\000e\000\040\0006\000\040\040\034\000I\000n\000t\000e\000r\000p\000o\000l\000a\000t\000e\000d\000\040\000p\000o\000s\000i\000t\000i\000o\000n\040\035}{section.2.3}% 26
\BOOKMARK [2][-]{subsection.2.3.7}{\376\377\000E\000x\000a\000m\000p\000l\000e\000\040\0007\000:\000\040\040\034\000M\000e\000a\000n\000\040\000p\000o\000s\000i\000t\000i\000o\000n\040\035}{section.2.3}% 27
\BOOKMARK [2][-]{subsection.2.3.8}{\376\377\000E\000x\000a\000m\000p\000l\000e\000\040\0008\000:\000\040\040\034\000A\000\040\000a\000n\000d\000\040\000a\000z\000i\000m\000u\000t\000h\000/\000d\000i\000s\000t\000a\000n\000c\000e\000\040\000t\000o\000\040\000B\040\035}{section.2.3}% 28
\BOOKMARK [2][-]{subsection.2.3.9}{\376\377\000E\000x\000a\000m\000p\000l\000e\000\040\0009\000:\000\040\040\034\000I\000n\000t\000e\000r\000s\000e\000c\000t\000i\000o\000n\000\040\000o\000f\000\040\000t\000w\000o\000\040\000p\000a\000t\000h\000s\040\035}{section.2.3}% 29
\BOOKMARK [2][-]{subsection.2.3.10}{\376\377\000E\000x\000a\000m\000p\000l\000e\000\040\0001\0000\000:\000\040\040\034\000C\000r\000o\000s\000s\000\040\000t\000r\000a\000c\000k\000\040\000d\000i\000s\000t\000a\000n\000c\000e\040\035}{section.2.3}% 30
\BOOKMARK [1][-]{section.2.4}{\376\377\000W\000h\000a\000t\000\040\000t\000o\000\040\000r\000e\000a\000d\000\040\000n\000e\000x\000t}{chapter.2}% 31
\BOOKMARK [2][-]{subsection.2.4.1}{\376\377\000F\000i\000n\000d\000i\000n\000g\000\040\000d\000o\000c\000u\000m\000e\000n\000t\000a\000t\000i\000o\000n}{section.2.4}% 32
\BOOKMARK [2][-]{subsection.2.4.2}{\376\377\000H\000o\000w\000\040\000t\000h\000e\000\040\000d\000o\000c\000u\000m\000e\000n\000t\000a\000t\000i\000o\000n\000\040\000i\000s\000\040\000o\000r\000g\000a\000n\000i\000z\000e\000d}{section.2.4}% 33
\BOOKMARK [2][-]{subsection.2.4.3}{\376\377\000H\000o\000w\000\040\000d\000o\000c\000u\000m\000e\000n\000t\000a\000t\000i\000o\000n\000\040\000i\000s\000\040\000u\000p\000d\000a\000t\000e\000d}{section.2.4}% 34
\BOOKMARK [0][-]{chapter.3}{\376\377\000H\000o\000w\000-\000t\000o\000\040\000g\000u\000i\000d\000e\000s}{}% 35
\BOOKMARK [1][-]{section.3.1}{\376\377\000C\000o\000n\000t\000r\000i\000b\000u\000t\000i\000n\000g}{chapter.3}% 36
\BOOKMARK [2][-]{subsection.3.1.1}{\376\377\000C\000o\000n\000t\000r\000i\000b\000u\000t\000e\000\040\000a\000\040\000p\000a\000t\000c\000h}{section.3.1}% 37
\BOOKMARK [0][-]{chapter.4}{\376\377\000T\000o\000p\000i\000c\000s\000\040\000g\000u\000i\000d\000e\000s}{}% 38
\BOOKMARK [0][-]{chapter.5}{\376\377\000R\000e\000f\000e\000r\000e\000n\000c\000e\000\040\000n\000v\000e\000c\000t\000o\000r\000\040\000p\000a\000c\000k\000a\000g\000e}{}% 39
\BOOKMARK [1][-]{section.5.1}{\376\377\000O\000b\000j\000e\000c\000t\000\040\000O\000r\000i\000e\000n\000t\000e\000d\000\040\000i\000n\000t\000e\000r\000f\000a\000c\000e\000\040\000t\000o\000\040\000G\000e\000o\000d\000e\000s\000i\000c\000\040\000f\000u\000n\000c\000t\000i\000o\000n\000s}{chapter.5}% 40
\BOOKMARK [2][-]{subsection.5.1.1}{\376\377\000n\000v\000e\000c\000t\000o\000r\000.\000o\000b\000j\000e\000c\000t\000s\000.\000d\000e\000l\000t\000a\000\137\000E}{section.5.1}% 41
\BOOKMARK [2][-]{subsection.5.1.2}{\376\377\000n\000v\000e\000c\000t\000o\000r\000.\000o\000b\000j\000e\000c\000t\000s\000.\000d\000e\000l\000t\000a\000\137\000N}{section.5.1}% 42
\BOOKMARK [2][-]{subsection.5.1.3}{\376\377\000n\000v\000e\000c\000t\000o\000r\000.\000o\000b\000j\000e\000c\000t\000s\000.\000d\000e\000l\000t\000a\000\137\000L}{section.5.1}% 43
\BOOKMARK [2][-]{subsection.5.1.4}{\376\377\000n\000v\000e\000c\000t\000o\000r\000.\000o\000b\000j\000e\000c\000t\000s\000.\000d\000i\000f\000f\000\137\000p\000o\000s\000i\000t\000i\000o\000n\000s}{section.5.1}% 44
\BOOKMARK [2][-]{subsection.5.1.5}{\376\377\000n\000v\000e\000c\000t\000o\000r\000.\000o\000b\000j\000e\000c\000t\000s\000.\000E\000C\000E\000F\000v\000e\000c\000t\000o\000r}{section.5.1}% 45
\BOOKMARK [2][-]{subsection.5.1.6}{\376\377\000n\000v\000e\000c\000t\000o\000r\000.\000o\000b\000j\000e\000c\000t\000s\000.\000F\000r\000a\000m\000e\000B}{section.5.1}% 46
\BOOKMARK [2][-]{subsection.5.1.7}{\376\377\000n\000v\000e\000c\000t\000o\000r\000.\000o\000b\000j\000e\000c\000t\000s\000.\000F\000r\000a\000m\000e\000E}{section.5.1}% 47
\BOOKMARK [2][-]{subsection.5.1.8}{\376\377\000n\000v\000e\000c\000t\000o\000r\000.\000o\000b\000j\000e\000c\000t\000s\000.\000F\000r\000a\000m\000e\000N}{section.5.1}% 48
\BOOKMARK [2][-]{subsection.5.1.9}{\376\377\000n\000v\000e\000c\000t\000o\000r\000.\000o\000b\000j\000e\000c\000t\000s\000.\000F\000r\000a\000m\000e\000L}{section.5.1}% 49
\BOOKMARK [2][-]{subsection.5.1.10}{\376\377\000n\000v\000e\000c\000t\000o\000r\000.\000o\000b\000j\000e\000c\000t\000s\000.\000G\000e\000o\000P\000a\000t\000h}{section.5.1}% 50
\BOOKMARK [2][-]{subsection.5.1.11}{\376\377\000n\000v\000e\000c\000t\000o\000r\000.\000o\000b\000j\000e\000c\000t\000s\000.\000G\000e\000o\000P\000o\000i\000n\000t}{section.5.1}% 51
\BOOKMARK [2][-]{subsection.5.1.12}{\376\377\000n\000v\000e\000c\000t\000o\000r\000.\000o\000b\000j\000e\000c\000t\000s\000.\000N\000v\000e\000c\000t\000o\000r}{section.5.1}% 52
\BOOKMARK [2][-]{subsection.5.1.13}{\376\377\000n\000v\000e\000c\000t\000o\000r\000.\000o\000b\000j\000e\000c\000t\000s\000.\000P\000v\000e\000c\000t\000o\000r}{section.5.1}% 53
\BOOKMARK [1][-]{section.5.2}{\376\377\000G\000e\000o\000d\000e\000s\000i\000c\000\040\000f\000u\000n\000c\000t\000i\000o\000n\000s}{chapter.5}% 54
\BOOKMARK [2][-]{subsection.5.2.1}{\376\377\000n\000v\000e\000c\000t\000o\000r\000.\000c\000o\000r\000e\000.\000c\000l\000o\000s\000e\000s\000t\000\137\000p\000o\000i\000n\000t\000\137\000o\000n\000\137\000g\000r\000e\000a\000t\000\137\000c\000i\000r\000c\000l\000e}{section.5.2}% 55
\BOOKMARK [2][-]{subsection.5.2.2}{\376\377\000n\000v\000e\000c\000t\000o\000r\000.\000c\000o\000r\000e\000.\000c\000r\000o\000s\000s\000\137\000t\000r\000a\000c\000k\000\137\000d\000i\000s\000t\000a\000n\000c\000e}{section.5.2}% 56
\BOOKMARK [2][-]{subsection.5.2.3}{\376\377\000n\000v\000e\000c\000t\000o\000r\000.\000c\000o\000r\000e\000.\000e\000u\000c\000l\000i\000d\000e\000a\000n\000\137\000d\000i\000s\000t\000a\000n\000c\000e}{section.5.2}% 57
\BOOKMARK [2][-]{subsection.5.2.4}{\376\377\000n\000v\000e\000c\000t\000o\000r\000.\000c\000o\000r\000e\000.\000g\000r\000e\000a\000t\000\137\000c\000i\000r\000c\000l\000e\000\137\000d\000i\000s\000t\000a\000n\000c\000e}{section.5.2}% 58
\BOOKMARK [2][-]{subsection.5.2.5}{\376\377\000n\000v\000e\000c\000t\000o\000r\000.\000c\000o\000r\000e\000.\000g\000r\000e\000a\000t\000\137\000c\000i\000r\000c\000l\000e\000\137\000n\000o\000r\000m\000a\000l}{section.5.2}% 59
\BOOKMARK [2][-]{subsection.5.2.6}{\376\377\000n\000v\000e\000c\000t\000o\000r\000.\000c\000o\000r\000e\000.\000i\000n\000t\000e\000r\000p\000o\000l\000a\000t\000e}{section.5.2}% 60
\BOOKMARK [2][-]{subsection.5.2.7}{\376\377\000n\000v\000e\000c\000t\000o\000r\000.\000c\000o\000r\000e\000.\000i\000n\000t\000e\000r\000s\000e\000c\000t}{section.5.2}% 61
\BOOKMARK [2][-]{subsection.5.2.8}{\376\377\000n\000v\000e\000c\000t\000o\000r\000.\000c\000o\000r\000e\000.\000l\000a\000t\000\137\000l\000o\000n\0002\000n\000\137\000E}{section.5.2}% 62
\BOOKMARK [2][-]{subsection.5.2.9}{\376\377\000n\000v\000e\000c\000t\000o\000r\000.\000c\000o\000r\000e\000.\000m\000e\000a\000n\000\137\000h\000o\000r\000i\000z\000o\000n\000t\000a\000l\000\137\000p\000o\000s\000i\000t\000i\000o\000n}{section.5.2}% 63
\BOOKMARK [2][-]{subsection.5.2.10}{\376\377\000n\000v\000e\000c\000t\000o\000r\000.\000c\000o\000r\000e\000.\000n\000\137\000E\0002\000l\000a\000t\000\137\000l\000o\000n}{section.5.2}% 64
\BOOKMARK [2][-]{subsection.5.2.11}{\376\377\000n\000v\000e\000c\000t\000o\000r\000.\000c\000o\000r\000e\000.\000n\000\137\000E\000B\000\137\000E\0002\000p\000\137\000E\000B\000\137\000E}{section.5.2}% 65
\BOOKMARK [2][-]{subsection.5.2.12}{\376\377\000n\000v\000e\000c\000t\000o\000r\000.\000c\000o\000r\000e\000.\000p\000\137\000E\000B\000\137\000E\0002\000n\000\137\000E\000B\000\137\000E}{section.5.2}% 66
\BOOKMARK [2][-]{subsection.5.2.13}{\376\377\000n\000v\000e\000c\000t\000o\000r\000.\000c\000o\000r\000e\000.\000n\000\137\000E\000A\000\137\000E\000\137\000a\000n\000d\000\137\000n\000\137\000E\000B\000\137\000E\0002\000p\000\137\000A\000B\000\137\000E}{section.5.2}% 67
\BOOKMARK [2][-]{subsection.5.2.14}{\376\377\000n\000v\000e\000c\000t\000o\000r\000.\000c\000o\000r\000e\000.\000n\000\137\000E\000A\000\137\000E\000\137\000a\000n\000d\000\137\000p\000\137\000A\000B\000\137\000E\0002\000n\000\137\000E\000B\000\137\000E}{section.5.2}% 68
\BOOKMARK [2][-]{subsection.5.2.15}{\376\377\000n\000v\000e\000c\000t\000o\000r\000.\000c\000o\000r\000e\000.\000n\000\137\000E\000A\000\137\000E\000\137\000a\000n\000d\000\137\000n\000\137\000E\000B\000\137\000E\0002\000a\000z\000i\000m\000u\000t\000h}{section.5.2}% 69
\BOOKMARK [2][-]{subsection.5.2.16}{\376\377\000n\000v\000e\000c\000t\000o\000r\000.\000c\000o\000r\000e\000.\000n\000\137\000E\000A\000\137\000E\000\137\000d\000i\000s\000t\000a\000n\000c\000e\000\137\000a\000n\000d\000\137\000a\000z\000i\000m\000u\000t\000h\0002\000n\000\137\000E\000B\000\137\000E}{section.5.2}% 70
\BOOKMARK [2][-]{subsection.5.2.17}{\376\377\000n\000v\000e\000c\000t\000o\000r\000.\000c\000o\000r\000e\000.\000o\000n\000\137\000g\000r\000e\000a\000t\000\137\000c\000i\000r\000c\000l\000e}{section.5.2}% 71
\BOOKMARK [2][-]{subsection.5.2.18}{\376\377\000n\000v\000e\000c\000t\000o\000r\000.\000c\000o\000r\000e\000.\000o\000n\000\137\000g\000r\000e\000a\000t\000\137\000c\000i\000r\000c\000l\000e\000\137\000p\000a\000t\000h}{section.5.2}% 72
\BOOKMARK [1][-]{section.5.3}{\376\377\000R\000o\000t\000a\000t\000i\000o\000n\000\040\000m\000a\000t\000r\000i\000c\000e\000s\000\040\000a\000n\000d\000\040\000a\000n\000g\000l\000e\000s}{chapter.5}% 73
\BOOKMARK [2][-]{subsection.5.3.1}{\376\377\000n\000v\000e\000c\000t\000o\000r\000.\000r\000o\000t\000a\000t\000i\000o\000n\000.\000E\000\137\000r\000o\000t\000a\000t\000i\000o\000n}{section.5.3}% 74
\BOOKMARK [2][-]{subsection.5.3.2}{\376\377\000n\000v\000e\000c\000t\000o\000r\000.\000r\000o\000t\000a\000t\000i\000o\000n\000.\000n\000\137\000E\0002\000R\000\137\000E\000N}{section.5.3}% 75
\BOOKMARK [2][-]{subsection.5.3.3}{\376\377\000n\000v\000e\000c\000t\000o\000r\000.\000r\000o\000t\000a\000t\000i\000o\000n\000.\000n\000\137\000E\000\137\000a\000n\000d\000\137\000w\000a\0002\000R\000\137\000E\000L}{section.5.3}% 76
\BOOKMARK [2][-]{subsection.5.3.4}{\376\377\000n\000v\000e\000c\000t\000o\000r\000.\000r\000o\000t\000a\000t\000i\000o\000n\000.\000R\000\137\000E\000L\0002\000n\000\137\000E}{section.5.3}% 77
\BOOKMARK [2][-]{subsection.5.3.5}{\376\377\000n\000v\000e\000c\000t\000o\000r\000.\000r\000o\000t\000a\000t\000i\000o\000n\000.\000R\000\137\000E\000N\0002\000n\000\137\000E}{section.5.3}% 78
\BOOKMARK [2][-]{subsection.5.3.6}{\376\377\000n\000v\000e\000c\000t\000o\000r\000.\000r\000o\000t\000a\000t\000i\000o\000n\000.\000R\0002\000x\000y\000z}{section.5.3}% 79
\BOOKMARK [2][-]{subsection.5.3.7}{\376\377\000n\000v\000e\000c\000t\000o\000r\000.\000r\000o\000t\000a\000t\000i\000o\000n\000.\000R\0002\000z\000y\000x}{section.5.3}% 80
\BOOKMARK [2][-]{subsection.5.3.8}{\376\377\000n\000v\000e\000c\000t\000o\000r\000.\000r\000o\000t\000a\000t\000i\000o\000n\000.\000x\000y\000z\0002\000R}{section.5.3}% 81
\BOOKMARK [2][-]{subsection.5.3.9}{\376\377\000n\000v\000e\000c\000t\000o\000r\000.\000r\000o\000t\000a\000t\000i\000o\000n\000.\000z\000y\000x\0002\000R}{section.5.3}% 82
\BOOKMARK [1][-]{section.5.4}{\376\377\000U\000t\000i\000l\000i\000t\000y\000\040\000f\000u\000n\000c\000t\000i\000o\000n\000s}{chapter.5}% 83
\BOOKMARK [2][-]{subsection.5.4.1}{\376\377\000n\000v\000e\000c\000t\000o\000r\000.\000u\000t\000i\000l\000.\000d\000e\000g}{section.5.4}% 84
\BOOKMARK [2][-]{subsection.5.4.2}{\376\377\000n\000v\000e\000c\000t\000o\000r\000.\000u\000t\000i\000l\000.\000m\000d\000o\000t}{section.5.4}% 85
\BOOKMARK [2][-]{subsection.5.4.3}{\376\377\000n\000v\000e\000c\000t\000o\000r\000.\000u\000t\000i\000l\000.\000n\000t\000h\000r\000o\000o\000t}{section.5.4}% 86
\BOOKMARK [2][-]{subsection.5.4.4}{\376\377\000n\000v\000e\000c\000t\000o\000r\000.\000u\000t\000i\000l\000.\000r\000a\000d}{section.5.4}% 87
\BOOKMARK [2][-]{subsection.5.4.5}{\376\377\000n\000v\000e\000c\000t\000o\000r\000.\000u\000t\000i\000l\000.\000g\000e\000t\000\137\000e\000l\000l\000i\000p\000s\000o\000i\000d}{section.5.4}% 88
\BOOKMARK [2][-]{subsection.5.4.6}{\376\377\000n\000v\000e\000c\000t\000o\000r\000.\000u\000t\000i\000l\000.\000s\000e\000l\000e\000c\000t\000\137\000e\000l\000l\000i\000p\000s\000o\000i\000d}{section.5.4}% 89
\BOOKMARK [2][-]{subsection.5.4.7}{\376\377\000n\000v\000e\000c\000t\000o\000r\000.\000u\000t\000i\000l\000.\000u\000n\000i\000t}{section.5.4}% 90
\BOOKMARK [0][-]{appendix.A}{\376\377\000C\000h\000a\000n\000g\000e\000l\000o\000g}{}% 91
\BOOKMARK [1][-]{section.A.1}{\376\377\000V\000e\000r\000s\000i\000o\000n\000\040\0000\000.\0007\000.\0006\000,\000\040\000D\000e\000c\000e\000m\000b\000e\000r\000\040\0001\0008\000,\000\040\0002\0000\0002\0000}{appendix.A}% 92
\BOOKMARK [1][-]{section.A.2}{\376\377\000V\000e\000r\000s\000i\000o\000n\000\040\0000\000.\0007\000.\0005\000,\000\040\000D\000e\000c\000e\000m\000b\000e\000r\000\040\0001\0002\000,\000\040\0002\0000\0002\0000}{appendix.A}% 93
\BOOKMARK [1][-]{section.A.3}{\376\377\000V\000e\000r\000s\000i\000o\000n\000\040\0000\000.\0007\000.\0004\000,\000\040\000J\000u\000n\000e\000\040\0004\000,\000\040\0002\0000\0001\0009}{appendix.A}% 94
\BOOKMARK [1][-]{section.A.4}{\376\377\000V\000e\000r\000s\000i\000o\000n\000\040\0000\000.\0007\000.\0003\000,\000\040\000J\000u\000n\000e\000\040\0004\000,\000\040\0002\0000\0001\0009}{appendix.A}% 95
\BOOKMARK [1][-]{section.A.5}{\376\377\000V\000e\000r\000s\000i\000o\000n\000\040\0000\000.\0007\000.\0000\000,\000\040\000J\000u\000n\000e\000\040\0002\000,\000\040\0002\0000\0001\0009}{appendix.A}% 96
\BOOKMARK [1][-]{section.A.6}{\376\377\000V\000e\000r\000s\000i\000o\000n\000\040\0000\000.\0006\000.\0000\000,\000\040\000D\000e\000c\000e\000m\000b\000e\000r\000\040\0009\000,\000\040\0002\0000\0001\0008}{appendix.A}% 97
\BOOKMARK [1][-]{section.A.7}{\376\377\000V\000e\000r\000s\000i\000o\000n\000\040\0000\000.\0005\000.\0002\000,\000\040\000M\000a\000r\000c\000h\000\040\0007\000,\000\040\0002\0000\0001\0007}{appendix.A}% 98
\BOOKMARK [1][-]{section.A.8}{\376\377\000V\000e\000r\000s\000i\000o\000n\000\040\0000\000.\0005\000.\0001\000,\000\040\000M\000a\000r\000c\000h\000\040\0005\000,\000\040\0002\0000\0001\0007}{appendix.A}% 99
\BOOKMARK [1][-]{section.A.9}{\376\377\000V\000e\000r\000s\000i\000o\000n\000\040\0000\000.\0004\000.\0001\000,\000\040\000J\000a\000n\000u\000a\000r\000y\000\040\0001\0009\000,\000\040\0002\0000\0001\0006}{appendix.A}% 100
\BOOKMARK [1][-]{section.A.10}{\376\377\000V\000e\000r\000s\000i\000o\000n\000\040\0000\000.\0001\000.\0003\000,\000\040\000J\000a\000n\000u\000a\000r\000y\000\040\0001\000,\000\040\0002\0000\0001\0006}{appendix.A}% 101
\BOOKMARK [1][-]{section.A.11}{\376\377\000V\000e\000r\000s\000i\000o\000n\000\040\0000\000.\0001\000.\0001\000,\000\040\000J\000a\000n\000u\000a\000r\000y\000\040\0001\000,\000\040\0002\0000\0001\0006}{appendix.A}% 102
\BOOKMARK [0][-]{appendix.B}{\376\377\000D\000e\000v\000e\000l\000o\000p\000e\000r\000s}{}% 103
\BOOKMARK [0][-]{appendix.C}{\376\377\000L\000i\000c\000e\000n\000s\000e}{}% 104
\BOOKMARK [0][-]{appendix.D}{\376\377\000A\000c\000k\000n\000o\000w\000l\000e\000d\000g\000m\000e\000n\000t\000s}{}% 105
\BOOKMARK [0][-]{appendix*.69}{\376\377\000B\000i\000b\000l\000i\000o\000g\000r\000a\000p\000h\000y}{}% 106
\BOOKMARK [0][-]{section*.70}{\376\377\000I\000n\000d\000e\000x}{}% 107
